<?xml version="1.0" encoding="UTF-8"?>
<!-- Generated by org.testng.reporters.JUnitReportReporter -->
<testsuite hostname="Raitas_PC" failures="0" tests="2" name="com.tutorialsninja.qa.testcases.Login" time="10.750" errors="0" timestamp="2023-07-11T16:24:41 CDT" skipped="0">
  <testcase classname="com.tutorialsninja.qa.testcases.Login" name="verifyloginWithValidemailandValidpassword" time="5.930"/>
  <system-out/>
  <testcase classname="com.tutorialsninja.qa.testcases.Login" name="verifyloginWithInvalidEmailandInvalidPassword" time="4.820"/>
  <system-out/>
</testsuite> <!-- com.tutorialsninja.qa.testcases.Login -->
